<?xml version="1.0" encoding="UTF-8"?>
<!-- Generated by org.testng.reporters.JUnitReportReporter -->
<testsuite hostname="gwang" name="com.Selenium_simple.Selenium_main.Selenium_TestNg" tests="1" failures="0" timestamp="22 Jul 2016 05:49:26 GMT" time="7.533" errors="0">
  <testcase name="f" time="7.533" classname="com.Selenium_simple.Selenium_main.Selenium_TestNg"/>
</testsuite> <!-- com.Selenium_simple.Selenium_main.Selenium_TestNg -->
