<?xml version="1.0" encoding="UTF-8"?>
<!-- Generated by org.testng.reporters.JUnitReportReporter -->
<testsuite hostname="gwang" name="com.Selenium_main.Selenium_TestNg" tests="1" failures="0" timestamp="22 Jul 2016 07:32:49 GMT" time="6.210" errors="0">
  <testcase name="f" time="6.210" classname="com.Selenium_main.Selenium_TestNg"/>
</testsuite> <!-- com.Selenium_main.Selenium_TestNg -->
