<?xml version="1.0" encoding="UTF-8"?>
<!-- Generated by org.testng.reporters.JUnitReportReporter -->
<testsuite hostname="CH-QA-QTP02" name="com.Selenium_main.Selenium_TestNg" tests="1" failures="0" timestamp="2 Nov 2016 03:50:10 GMT" time="1244.209" errors="0">
  <testcase name="f" time="1244.209" classname="com.Selenium_main.Selenium_TestNg"/>
</testsuite> <!-- com.Selenium_main.Selenium_TestNg -->
